<?xml version="1.0" encoding="UTF-8"?>
<testng-results ignored="0" total="1" passed="1" failed="0" skipped="0">
  <reporter-output>
  </reporter-output>
  <suite started-at="2023-07-01T07:14:34 EEST" name="Default suite" finished-at="2023-07-01T07:14:36 EEST" duration-ms="1882">
    <groups>
    </groups>
    <test started-at="2023-07-01T07:14:34 EEST" name="Default test" finished-at="2023-07-01T07:14:36 EEST" duration-ms="1882">
      <class name="playwrightTestingVia.TestSuiteLogin">
        <test-method signature="shouldSearchWiki()[pri:0, instance:playwrightTestingVia.TestSuiteLogin@29a0cdb]" started-at="2023-07-01T07:14:34 EEST" name="shouldSearchWiki" finished-at="2023-07-01T07:14:36 EEST" duration-ms="1849" status="PASS">
          <reporter-output>
          </reporter-output>
        </test-method> <!-- shouldSearchWiki -->
      </class> <!-- playwrightTestingVia.TestSuiteLogin -->
    </test> <!-- Default test -->
  </suite> <!-- Default suite -->
</testng-results>
